<?xml version="1.0" encoding="UTF-8"?>
<!-- Generated by org.testng.reporters.JUnitReportReporter -->
<testsuite skipped="1" hostname="DEBU" name="com.crm.qa.testcases.ContactsPageTest" tests="4" failures="0" timestamp="2021-02-10T19:26:33 IST" time="64.618" errors="0">
  <testcase name="verifyContactsPageLabel" time="19.945" classname="com.crm.qa.testcases.ContactsPageTest"/>
  <system-out/>
  <testcase name="selectContactsTest" time="22.624" classname="com.crm.qa.testcases.ContactsPageTest"/>
  <system-out/>
  <testcase name="selectMultipleContactsTest" time="22.049" classname="com.crm.qa.testcases.ContactsPageTest"/>
  <system-out/>
  <testcase name="validateCreateNewContact" time="0.000" classname="com.crm.qa.testcases.ContactsPageTest">
    <skipped/>
  </testcase> <!-- validateCreateNewContact -->
  <system-out/>
</testsuite> <!-- com.crm.qa.testcases.ContactsPageTest -->
